<?xml version="1.0" encoding="UTF-8"?>
<!-- Generated by org.testng.reporters.JUnitReportReporter -->
<testsuite hostname="MacBook-Pro.local" failures="0" tests="2" name="cucumberOptions.TestRunner" time="9.787" errors="0" timestamp="2023-07-08T15:16:45 IST" skipped="0">
  <testcase classname="cucumberOptions.TestRunner" name="runScenario" time="2.973"/>
  <system-out/>
  <testcase classname="cucumberOptions.TestRunner" name="runScenario" time="6.814"/>
  <system-out/>
</testsuite> <!-- cucumberOptions.TestRunner -->
