<?xml version="1.0" encoding="UTF-8"?>
<!-- Generated by org.testng.reporters.JUnitReportReporter -->
<testsuite hostname="MacBook-Pro.local" failures="0" tests="2" name="cucumberOptions.TestRunner" time="9.166" errors="0" timestamp="2023-07-08T14:18:17 IST" skipped="0">
  <testcase classname="cucumberOptions.TestRunner" name="runScenario" time="6.770"/>
  <system-out/>
  <testcase classname="cucumberOptions.TestRunner" name="runScenario" time="2.396"/>
  <system-out/>
</testsuite> <!-- cucumberOptions.TestRunner -->
