<?xml version="1.0" encoding="UTF-8"?>
<!-- Generated by org.testng.reporters.JUnitReportReporter -->
<testsuite hostname="MacBook-Pro.local" failures="0" tests="2" name="cucumberOptions.TestNGTestRunner" time="0.198" errors="0" timestamp="2023-07-08T05:12:59 IST" skipped="0">
  <testcase classname="cucumberOptions.TestNGTestRunner" name="runScenario" time="0.099"/>
  <system-out/>
  <testcase classname="cucumberOptions.TestNGTestRunner" name="runScenario" time="0.099"/>
  <system-out/>
</testsuite> <!-- cucumberOptions.TestNGTestRunner -->
